<?xml version="1.0" encoding="UTF-8"?>
<!-- Generated by org.testng.reporters.JUnitReportReporter -->
<testsuite hostname="shalinas-Air.lan" failures="0" tests="1" name="runner.testRunner" time="25.599" errors="0" timestamp="10 Mar 2024 20:40:19 GMT" skipped="0">
  <testcase classname="runner.testRunner" name="runScenario" time="25.599"/>
</testsuite> <!-- runner.testRunner -->
