<?xml version="1.0" encoding="UTF-8"?>
<!-- Generated by org.testng.reporters.JUnitReportReporter -->
<testsuite hostname="shalinas-Air.lan" failures="0" tests="3" name="runner.testRunner" time="54.578" errors="0" timestamp="25 Feb 2024 19:04:43 GMT" skipped="0">
  <testcase classname="runner.testRunner" name="runScenario" time="14.454"/>
  <testcase classname="runner.testRunner" name="runScenario" time="7.018"/>
  <testcase classname="runner.testRunner" name="runScenario" time="33.106"/>
</testsuite> <!-- runner.testRunner -->
